Determining if the pthread_create exist failed with the following output:
Change Dir: /home/kelfor/Documents/WiSAR-Onboard-ROS/src/dji_sdk_read_cam/cmake-build-debug/CMakeFiles/CMakeTmp

Run Build Command:"/usr/bin/make" "cmTC_130ef/fast"
/usr/bin/make -f CMakeFiles/cmTC_130ef.dir/build.make CMakeFiles/cmTC_130ef.dir/build
make[1]: Entering directory `/home/kelfor/Documents/WiSAR-Onboard-ROS/src/dji_sdk_read_cam/cmake-build-debug/CMakeFiles/CMakeTmp'
Building C object CMakeFiles/cmTC_130ef.dir/CheckSymbolExists.c.o
/usr/bin/cc     -o CMakeFiles/cmTC_130ef.dir/CheckSymbolExists.c.o   -c /home/kelfor/Documents/WiSAR-Onboard-ROS/src/dji_sdk_read_cam/cmake-build-debug/CMakeFiles/CMakeTmp/CheckSymbolExists.c
Linking C executable cmTC_130ef
/home/kelfor/Documents/clion-2016.3.3/bin/cmake/bin/cmake -E cmake_link_script CMakeFiles/cmTC_130ef.dir/link.txt --verbose=1
/usr/bin/cc       CMakeFiles/cmTC_130ef.dir/CheckSymbolExists.c.o  -o cmTC_130ef -rdynamic 
CMakeFiles/cmTC_130ef.dir/CheckSymbolExists.c.o: In function `main':
CheckSymbolExists.c:(.text+0x16): undefined reference to `pthread_create'
collect2: error: ld returned 1 exit status
make[1]: *** [cmTC_130ef] Error 1
make[1]: Leaving directory `/home/kelfor/Documents/WiSAR-Onboard-ROS/src/dji_sdk_read_cam/cmake-build-debug/CMakeFiles/CMakeTmp'
make: *** [cmTC_130ef/fast] Error 2

File /home/kelfor/Documents/WiSAR-Onboard-ROS/src/dji_sdk_read_cam/cmake-build-debug/CMakeFiles/CMakeTmp/CheckSymbolExists.c:
/* */
#include <pthread.h>

int main(int argc, char** argv)
{
  (void)argv;
#ifndef pthread_create
  return ((int*)(&pthread_create))[argc];
#else
  (void)argc;
  return 0;
#endif
}

Determining if the function pthread_create exists in the pthreads failed with the following output:
Change Dir: /home/kelfor/Documents/WiSAR-Onboard-ROS/src/dji_sdk_read_cam/cmake-build-debug/CMakeFiles/CMakeTmp

Run Build Command:"/usr/bin/make" "cmTC_bc77b/fast"
/usr/bin/make -f CMakeFiles/cmTC_bc77b.dir/build.make CMakeFiles/cmTC_bc77b.dir/build
make[1]: Entering directory `/home/kelfor/Documents/WiSAR-Onboard-ROS/src/dji_sdk_read_cam/cmake-build-debug/CMakeFiles/CMakeTmp'
Building C object CMakeFiles/cmTC_bc77b.dir/CheckFunctionExists.c.o
/usr/bin/cc    -DCHECK_FUNCTION_EXISTS=pthread_create   -o CMakeFiles/cmTC_bc77b.dir/CheckFunctionExists.c.o   -c /home/kelfor/Documents/clion-2016.3.3/bin/cmake/share/cmake-3.6/Modules/CheckFunctionExists.c
Linking C executable cmTC_bc77b
/home/kelfor/Documents/clion-2016.3.3/bin/cmake/bin/cmake -E cmake_link_script CMakeFiles/cmTC_bc77b.dir/link.txt --verbose=1
/usr/bin/cc   -DCHECK_FUNCTION_EXISTS=pthread_create    CMakeFiles/cmTC_bc77b.dir/CheckFunctionExists.c.o  -o cmTC_bc77b -rdynamic -lpthreads 
/usr/bin/ld: cannot find -lpthreads
collect2: error: ld returned 1 exit status
make[1]: *** [cmTC_bc77b] Error 1
make[1]: Leaving directory `/home/kelfor/Documents/WiSAR-Onboard-ROS/src/dji_sdk_read_cam/cmake-build-debug/CMakeFiles/CMakeTmp'
make: *** [cmTC_bc77b/fast] Error 2


